[7042:775:0516/151136.994740:ERROR:CONSOLE(143)] "Failed to execute 'postMessage' on 'DOMWindow': The target origin provided ('https://dev.assignforce.revaturelabs.com') does not match the recipient window's origin ('https://www.google.com').", source: chrome-search://most-visited/single.js (143)
[7042:775:0516/151138.451291:INFO:CONSOLE(0)] "The SSL certificate used to load resources from https://c.salesforce.com will be distrusted in M70. Once distrusted, users will be prevented from loading these resources. See https://g.co/chrome/symantecpkicerts for more information.", source: https://c.salesforce.com/login-messages/promos.html (0)
[7042:775:0516/151139.101812:INFO:CONSOLE(0)] "The SSL certificate used to load resources from https://d.la1-c2-phx.salesforceliveagent.com will be distrusted in M70. Once distrusted, users will be prevented from loading these resources. See https://g.co/chrome/symantecpkicerts for more information.", source: https://c.salesforce.com/login-messages/promos.html (0)
[7042:775:0516/151141.218129:INFO:CONSOLE(0)] "Refused to execute script from 'https://dev.assignforce.revaturelabs.com/misc/typeAhead.js' because its MIME type ('application/json') is not executable, and strict MIME type checking is enabled.", source: https://dev.assignforce.revaturelabs.com/ (0)
[7042:775:0516/151141.243694:INFO:CONSOLE(40)] "Typekit: the domain "dev.assignforce.revaturelabs.com" isn't in the list of published domains for kit "pvo4jdm".", source: https://use.typekit.net/pvo4jdm.js (40)
[7042:775:0516/151210.583716:INFO:CONSOLE(714)] "Timeline:  Could not fetch curricula.", source: https://dev.assignforce.revaturelabs.com/js/controllers/timelineController.js (714)
[7042:775:0516/151210.587145:INFO:CONSOLE(13920)] "TypeError: Cannot read property 'aCtrl' of null
    at Object.bc.showToast (https://dev.assignforce.revaturelabs.com/js/controllers/batchController.js:18:21)
    at https://dev.assignforce.revaturelabs.com/js/controllers/batchController.js:593:12
    at https://ajax.googleapis.com/ajax/libs/angularjs/1.5.8/angular-resource.js:805:30
    at processQueue (https://ajax.googleapis.com/ajax/libs/angularjs/1.5.8/angular.js:16383:28)
    at https://ajax.googleapis.com/ajax/libs/angularjs/1.5.8/angular.js:16399:27
    at Scope.$eval (https://ajax.googleapis.com/ajax/libs/angularjs/1.5.8/angular.js:17682:28)
    at Scope.$digest (https://ajax.googleapis.com/ajax/libs/angularjs/1.5.8/angular.js:17495:31)
    at Scope.$apply (https://ajax.googleapis.com/ajax/libs/angularjs/1.5.8/angular.js:17790:24)
    at done (https://ajax.googleapis.com/ajax/libs/angularjs/1.5.8/angular.js:11831:47)
    at completeRequest (https://ajax.googleapis.com/ajax/libs/angularjs/1.5.8/angular.js:12033:7)", source: https://ajax.googleapis.com/ajax/libs/angularjs/1.5.8/angular.js (13920)
[7042:775:0516/151210.589181:INFO:CONSOLE(13920)] "TypeError: Cannot read property 'aCtrl' of null
    at Object.bc.showToast (https://dev.assignforce.revaturelabs.com/js/controllers/batchController.js:18:21)
    at https://dev.assignforce.revaturelabs.com/js/controllers/batchController.js:626:12
    at https://ajax.googleapis.com/ajax/libs/angularjs/1.5.8/angular-resource.js:805:30
    at processQueue (https://ajax.googleapis.com/ajax/libs/angularjs/1.5.8/angular.js:16383:28)
    at https://ajax.googleapis.com/ajax/libs/angularjs/1.5.8/angular.js:16399:27
    at Scope.$eval (https://ajax.googleapis.com/ajax/libs/angularjs/1.5.8/angular.js:17682:28)
    at Scope.$digest (https://ajax.googleapis.com/ajax/libs/angularjs/1.5.8/angular.js:17495:31)
    at Scope.$apply (https://ajax.googleapis.com/ajax/libs/angularjs/1.5.8/angular.js:17790:24)
    at done (https://ajax.googleapis.com/ajax/libs/angularjs/1.5.8/angular.js:11831:47)
    at completeRequest (https://ajax.googleapis.com/ajax/libs/angularjs/1.5.8/angular.js:12033:7)", source: https://ajax.googleapis.com/ajax/libs/angularjs/1.5.8/angular.js (13920)
[7042:775:0516/151211.017132:INFO:CONSOLE(0)] "Refused to execute script from 'https://dev.assignforce.revaturelabs.com/misc/typeAhead.js' because its MIME type ('application/json') is not executable, and strict MIME type checking is enabled.", source: https://dev.assignforce.revaturelabs.com/trainers (0)
[7042:775:0516/151211.034715:INFO:CONSOLE(40)] "Typekit: the domain "dev.assignforce.revaturelabs.com" isn't in the list of published domains for kit "pvo4jdm".", source: https://use.typekit.net/pvo4jdm.js (40)
